# JRE version: OpenJDK Runtime Environment Microsoft-10800295 (17.0.14+7) (build 17.0.14+7-LTS)
# Java VM: OpenJDK 64-Bit Server VM Microsoft-10800295 (17.0.14+7-LTS, mixed mode, sharing, tiered, compressed oops, compressed class ptrs, g1 gc, windows-amd64)
GC Precious Log:
 CPUs: 12 total, 12 available
 Memory: 15775M
 Large Page Support: Disabled
 NUMA Support: Disabled
 Compressed Oops: Enabled (32-bit)
 Heap Region Size: 1M
 Heap Min Capacity: 8M
 Heap Initial Capacity: 248M
 Heap Max Capacity: 2G
 Pre-touch: Disabled
 Parallel Workers: 10
 Concurrent Workers: 3
 Concurrent Refinement Workers: 10
 Periodic GC: Disabled
Heap:
 garbage-first heap   total 253952K, used 152195K [0x0000000080000000, 0x0000000100000000)
  region size 1024K, 8 young (8192K), 8 survivors (8192K)
 Metaspace       used 103935K, committed 105088K, reserved 557056K
  class space    used 14527K, committed 15040K, reserved 425984K
GC Heap History (20 events):
Event: 11.492 GC heap after
{Heap after GC invocations=40 (full 0):
 garbage-first heap   total 198656K, used 114733K [0x0000000080000000, 0x0000000100000000)
  region size 1024K, 7 young (7168K), 7 survivors (7168K)
 Metaspace       used 92320K, committed 93312K, reserved 557056K
  class space    used 12783K, committed 13248K, reserved 425984K
}
Event: 11.884 GC heap before
{Heap before GC invocations=40 (full 0):
 garbage-first heap   total 198656K, used 164909K [0x0000000080000000, 0x0000000100000000)
  region size 1024K, 56 young (57344K), 7 survivors (7168K)
 Metaspace       used 95702K, committed 96704K, reserved 557056K
  class space    used 13411K, committed 13888K, reserved 425984K
}
Event: 11.887 GC heap after
{Heap after GC invocations=41 (full 0):
 garbage-first heap   total 198656K, used 115591K [0x0000000080000000, 0x0000000100000000)
  region size 1024K, 4 young (4096K), 4 survivors (4096K)
 Metaspace       used 95702K, committed 96704K, reserved 557056K
  class space    used 13411K, committed 13888K, reserved 425984K
}
Event: 12.267 GC heap before
{Heap before GC invocations=41 (full 0):
 garbage-first heap   total 198656K, used 167815K [0x0000000080000000, 0x0000000100000000)
  region size 1024K, 55 young (56320K), 4 survivors (4096K)
 Metaspace       used 98860K, committed 99840K, reserved 557056K
  class space    used 13800K, committed 14272K, reserved 425984K
}
Event: 12.270 GC heap after
{Heap after GC invocations=42 (full 0):
 garbage-first heap   total 198656K, used 117238K [0x0000000080000000, 0x0000000100000000)
  region size 1024K, 6 young (6144K), 6 survivors (6144K)
 Metaspace       used 98860K, committed 99840K, reserved 557056K
  class space    used 13800K, committed 14272K, reserved 425984K
}
Event: 12.701 GC heap before
{Heap before GC invocations=42 (full 0):
 garbage-first heap   total 198656K, used 168438K [0x0000000080000000, 0x0000000100000000)
  region size 1024K, 56 young (57344K), 6 survivors (6144K)
 Metaspace       used 100253K, committed 101312K, reserved 557056K
  class space    used 13967K, committed 14464K, reserved 425984K
}
Event: 12.706 GC heap after
{Heap after GC invocations=43 (full 0):
 garbage-first heap   total 198656K, used 122597K [0x0000000080000000, 0x0000000100000000)
  region size 1024K, 7 young (7168K), 7 survivors (7168K)
 Metaspace       used 100253K, committed 101312K, reserved 557056K
  class space    used 13967K, committed 14464K, reserved 425984K
}
Event: 12.789 GC heap before
{Heap before GC invocations=43 (full 0):
 garbage-first heap   total 198656K, used 166629K [0x0000000080000000, 0x0000000100000000)
  region size 1024K, 50 young (51200K), 7 survivors (7168K)
 Metaspace       used 100278K, committed 101376K, reserved 557056K
  class space    used 13967K, committed 14464K, reserved 425984K
}
Event: 12.794 GC heap after
{Heap after GC invocations=44 (full 0):
 garbage-first heap   total 198656K, used 125276K [0x0000000080000000, 0x0000000100000000)
  region size 1024K, 4 young (4096K), 4 survivors (4096K)
 Metaspace       used 100278K, committed 101376K, reserved 557056K
  class space    used 13967K, committed 14464K, reserved 425984K
}
Event: 12.860 GC heap before
{Heap before GC invocations=44 (full 0):
 garbage-first heap   total 198656K, used 166236K [0x0000000080000000, 0x0000000100000000)
  region size 1024K, 45 young (46080K), 4 survivors (4096K)
 Metaspace       used 100279K, committed 101376K, reserved 557056K
  class space    used 13967K, committed 14464K, reserved 425984K
}
Event: 12.863 GC heap after
{Heap after GC invocations=45 (full 0):
 garbage-first heap   total 198656K, used 126349K [0x0000000080000000, 0x0000000100000000)
  region size 1024K, 4 young (4096K), 4 survivors (4096K)
 Metaspace       used 100279K, committed 101376K, reserved 557056K
  class space    used 13967K, committed 14464K, reserved 425984K
}
Event: 12.940 GC heap before
{Heap before GC invocations=45 (full 0):
 garbage-first heap   total 198656K, used 166285K [0x0000000080000000, 0x0000000100000000)
  region size 1024K, 44 young (45056K), 4 survivors (4096K)
 Metaspace       used 100292K, committed 101376K, reserved 557056K
  class space    used 13969K, committed 14464K, reserved 425984K
}
Event: 12.943 GC heap after
{Heap after GC invocations=46 (full 0):
 garbage-first heap   total 198656K, used 127447K [0x0000000080000000, 0x0000000100000000)
  region size 1024K, 4 young (4096K), 4 survivors (4096K)
 Metaspace       used 100292K, committed 101376K, reserved 557056K
  class space    used 13969K, committed 14464K, reserved 425984K
}
Event: 13.254 GC heap before
{Heap before GC invocations=46 (full 0):
 garbage-first heap   total 198656K, used 162263K [0x0000000080000000, 0x0000000100000000)
  region size 1024K, 36 young (36864K), 4 survivors (4096K)
 Metaspace       used 101043K, committed 102080K, reserved 557056K
  class space    used 14078K, committed 14528K, reserved 425984K
}
Event: 13.258 GC heap after
{Heap after GC invocations=47 (full 0):
 garbage-first heap   total 198656K, used 139827K [0x0000000080000000, 0x0000000100000000)
  region size 1024K, 6 young (6144K), 6 survivors (6144K)
 Metaspace       used 101043K, committed 102080K, reserved 557056K
  class space    used 14078K, committed 14528K, reserved 425984K
}
Event: 13.538 GC heap before
{Heap before GC invocations=48 (full 0):
 garbage-first heap   total 244736K, used 164403K [0x0000000080000000, 0x0000000100000000)
  region size 1024K, 30 young (30720K), 6 survivors (6144K)
 Metaspace       used 101856K, committed 102976K, reserved 557056K
  class space    used 14279K, committed 14784K, reserved 425984K
}
Event: 13.542 GC heap after
{Heap after GC invocations=49 (full 0):
 garbage-first heap   total 244736K, used 143060K [0x0000000080000000, 0x0000000100000000)
  region size 1024K, 3 young (3072K), 3 survivors (3072K)
 Metaspace       used 101856K, committed 102976K, reserved 557056K
  class space    used 14279K, committed 14784K, reserved 425984K
}
Event: 13.568 GC heap before
{Heap before GC invocations=49 (full 0):
 garbage-first heap   total 244736K, used 150228K [0x0000000080000000, 0x0000000100000000)
  region size 1024K, 11 young (11264K), 3 survivors (3072K)
 Metaspace       used 101866K, committed 102976K, reserved 557056K
  class space    used 14279K, committed 14784K, reserved 425984K
}
Event: 13.571 GC heap after
{Heap after GC invocations=50 (full 0):
 garbage-first heap   total 244736K, used 142271K [0x0000000080000000, 0x0000000100000000)
  region size 1024K, 2 young (2048K), 2 survivors (2048K)
 Metaspace       used 101866K, committed 102976K, reserved 557056K
  class space    used 14279K, committed 14784K, reserved 425984K
}
Event: 14.156 GC heap before
{Heap before GC invocations=50 (full 0):
 garbage-first heap   total 244736K, used 202687K [0x0000000080000000, 0x0000000100000000)
  region size 1024K, 61 young (62464K), 2 survivors (2048K)
 Metaspace       used 103935K, committed 105088K, reserved 557056K
  class space    used 14527K, committed 15040K, reserved 425984K
}

